This file contains any messages produced by compilers while
running configure, to aid debugging if configure makes a mistake.

It was created by GStreamer VA-API Plug-ins configure 1.15.0.1, which was
generated by GNU Autoconf 2.69.  Invocation command line was

  $ ./configure --enable-maintainer-mode --enable-gtk-doc

## --------- ##
## Platform. ##
## --------- ##

hostname = revel-NUC6CAYH
uname -m = x86_64
uname -r = 4.15.0-42-generic
uname -s = Linux
uname -v = #45-Ubuntu SMP Thu Nov 15 19:32:57 UTC 2018

/usr/bin/uname -p = unknown
/bin/uname -X     = unknown

/bin/arch              = unknown
/usr/bin/arch -k       = unknown
/usr/convex/getsysinfo = unknown
/usr/bin/hostinfo      = unknown
/bin/machine           = unknown
/usr/bin/oslevel       = unknown
/bin/universe          = unknown

PATH: /usr/local/sbin
PATH: /usr/local/bin
PATH: /usr/sbin
PATH: /usr/bin
PATH: /sbin
PATH: /bin
PATH: /usr/games
PATH: /usr/local/games
PATH: /snap/bin


## ----------- ##
## Core tests. ##
## ----------- ##

configure:2688: checking build system type
configure:2702: result: x86_64-pc-linux-gnu
configure:2722: checking host system type
configure:2735: result: x86_64-pc-linux-gnu
configure:2755: checking target system type
configure:2768: result: x86_64-pc-linux-gnu
configure:2814: checking for a BSD-compatible install
configure:2882: result: /usr/bin/install -c
configure:2893: checking whether build environment is sane
configure:2948: result: yes
configure:3099: checking for a thread-safe mkdir -p
configure:3138: result: /bin/mkdir -p
configure:3145: checking for gawk
configure:3175: result: no
configure:3145: checking for mawk
configure:3161: found /usr/bin/mawk
configure:3172: result: mawk
configure:3183: checking whether make sets $(MAKE)
configure:3205: result: yes
configure:3234: checking whether make supports nested variables
configure:3251: result: yes
configure:3340: checking whether UID '1000' is supported by ustar format
configure:3343: result: yes
configure:3350: checking whether GID '1000' is supported by ustar format
configure:3353: result: yes
configure:3361: checking how to create a ustar tar archive
configure:3372: tar --version
tar (GNU tar) 1.29
Copyright (C) 2015 Free Software Foundation, Inc.
License GPLv3+: GNU GPL version 3 or later <http://gnu.org/licenses/gpl.html>.
This is free software: you are free to change and redistribute it.
There is NO WARRANTY, to the extent permitted by law.

Written by John Gilmore and Jay Fenlason.
configure:3375: $? = 0
configure:3415: tardir=conftest.dir && eval tar --format=ustar -chf - "$tardir" >conftest.tar
configure:3418: $? = 0
configure:3422: tar -xf - <conftest.tar
configure:3425: $? = 0
configure:3427: cat conftest.dir/file
GrepMe
configure:3430: $? = 0
configure:3443: result: gnutar
configure:3505: checking nano version
configure:3517: result: 1
configure:3532: checking whether to enable maintainer-specific portions of Makefiles
configure:3541: result: yes
configure:3566: checking whether make supports nested variables
configure:3583: result: yes
configure:3657: checking how to print strings
configure:3684: result: printf
configure:3717: checking for style of include used by make
configure:3745: result: GNU
configure:3816: checking for gcc
configure:3832: found /usr/bin/gcc
configure:3843: result: gcc
configure:4072: checking for C compiler version
configure:4081: gcc --version >&5
gcc (Ubuntu 7.3.0-27ubuntu1~18.04) 7.3.0
Copyright (C) 2017 Free Software Foundation, Inc.
This is free software; see the source for copying conditions.  There is NO
warranty; not even for MERCHANTABILITY or FITNESS FOR A PARTICULAR PURPOSE.

configure:4092: $? = 0
configure:4081: gcc -v >&5
Using built-in specs.
COLLECT_GCC=gcc
COLLECT_LTO_WRAPPER=/usr/lib/gcc/x86_64-linux-gnu/7/lto-wrapper
OFFLOAD_TARGET_NAMES=nvptx-none
OFFLOAD_TARGET_DEFAULT=1
Target: x86_64-linux-gnu
Configured with: ../src/configure -v --with-pkgversion='Ubuntu 7.3.0-27ubuntu1~18.04' --with-bugurl=file:///usr/share/doc/gcc-7/README.Bugs --enable-languages=c,ada,c++,go,brig,d,fortran,objc,obj-c++ --prefix=/usr --with-gcc-major-version-only --program-suffix=-7 --program-prefix=x86_64-linux-gnu- --enable-shared --enable-linker-build-id --libexecdir=/usr/lib --without-included-gettext --enable-threads=posix --libdir=/usr/lib --enable-nls --with-sysroot=/ --enable-clocale=gnu --enable-libstdcxx-debug --enable-libstdcxx-time=yes --with-default-libstdcxx-abi=new --enable-gnu-unique-object --disable-vtable-verify --enable-libmpx --enable-plugin --enable-default-pie --with-system-zlib --with-target-system-zlib --enable-objc-gc=auto --enable-multiarch --disable-werror --with-arch-32=i686 --with-abi=m64 --with-multilib-list=m32,m64,mx32 --enable-multilib --with-tune=generic --enable-offload-targets=nvptx-none --without-cuda-driver --enable-checking=release --build=x86_64-linux-gnu --host=x86_64-linux-gnu --target=x86_64-linux-gnu
Thread model: posix
gcc version 7.3.0 (Ubuntu 7.3.0-27ubuntu1~18.04) 
configure:4092: $? = 0
configure:4081: gcc -V >&5
gcc: error: unrecognized command line option '-V'
gcc: fatal error: no input files
compilation terminated.
configure:4092: $? = 1
configure:4081: gcc -qversion >&5
gcc: error: unrecognized command line option '-qversion'; did you mean '--version'?
gcc: fatal error: no input files
compilation terminated.
configure:4092: $? = 1
configure:4112: checking whether the C compiler works
configure:4134: gcc    conftest.c  >&5
configure:4138: $? = 0
configure:4186: result: yes
configure:4189: checking for C compiler default output file name
configure:4191: result: a.out
configure:4197: checking for suffix of executables
configure:4204: gcc -o conftest    conftest.c  >&5
configure:4208: $? = 0
configure:4230: result: 
configure:4252: checking whether we are cross compiling
configure:4260: gcc -o conftest    conftest.c  >&5
configure:4264: $? = 0
configure:4271: ./conftest
configure:4275: $? = 0
configure:4290: result: no
configure:4295: checking for suffix of object files
configure:4317: gcc -c   conftest.c >&5
configure:4321: $? = 0
configure:4342: result: o
configure:4346: checking whether we are using the GNU C compiler
configure:4365: gcc -c   conftest.c >&5
configure:4365: $? = 0
configure:4374: result: yes
configure:4383: checking whether gcc accepts -g
configure:4403: gcc -c -g  conftest.c >&5
configure:4403: $? = 0
configure:4444: result: yes
configure:4461: checking for gcc option to accept ISO C89
configure:4524: gcc  -c -g -O2  conftest.c >&5
configure:4524: $? = 0
configure:4537: result: none needed
configure:4562: checking whether gcc understands -c and -o together
configure:4584: gcc -c conftest.c -o conftest2.o
configure:4587: $? = 0
configure:4584: gcc -c conftest.c -o conftest2.o
configure:4587: $? = 0
configure:4599: result: yes
configure:4618: checking dependency style of gcc
configure:4729: result: gcc3
configure:4744: checking for a sed that does not truncate output
configure:4808: result: /bin/sed
configure:4826: checking for grep that handles long lines and -e
configure:4884: result: /bin/grep
configure:4889: checking for egrep
configure:4951: result: /bin/grep -E
configure:4956: checking for fgrep
configure:5018: result: /bin/grep -F
configure:5053: checking for ld used by gcc
configure:5120: result: /usr/bin/ld
configure:5127: checking if the linker (/usr/bin/ld) is GNU ld
configure:5142: result: yes
configure:5154: checking for BSD- or MS-compatible name lister (nm)
configure:5208: result: /usr/bin/nm -B
configure:5338: checking the name lister (/usr/bin/nm -B) interface
configure:5345: gcc -c -g -O2  conftest.c >&5
configure:5348: /usr/bin/nm -B "conftest.o"
configure:5351: output
0000000000000000 B some_variable
configure:5358: result: BSD nm
configure:5361: checking whether ln -s works
configure:5365: result: yes
configure:5373: checking the maximum length of command line arguments
configure:5504: result: 1572864
configure:5552: checking how to convert x86_64-pc-linux-gnu file names to x86_64-pc-linux-gnu format
configure:5592: result: func_convert_file_noop
configure:5599: checking how to convert x86_64-pc-linux-gnu file names to toolchain format
configure:5619: result: func_convert_file_noop
configure:5626: checking for /usr/bin/ld option to reload object files
configure:5633: result: -r
configure:5707: checking for objdump
configure:5723: found /usr/bin/objdump
configure:5734: result: objdump
configure:5763: checking how to recognize dependent libraries
configure:5963: result: pass_all
configure:6048: checking for dlltool
configure:6078: result: no
configure:6105: checking how to associate runtime and link libraries
configure:6132: result: printf %s\n
configure:6193: checking for ar
configure:6209: found /usr/bin/ar
configure:6220: result: ar
configure:6257: checking for archiver @FILE support
configure:6274: gcc -c -g -O2  conftest.c >&5
configure:6274: $? = 0
configure:6277: ar cru libconftest.a @conftest.lst >&5
ar: `u' modifier ignored since `D' is the default (see `U')
configure:6280: $? = 0
configure:6285: ar cru libconftest.a @conftest.lst >&5
ar: `u' modifier ignored since `D' is the default (see `U')
ar: conftest.o: No such file or directory
configure:6288: $? = 1
configure:6300: result: @
configure:6358: checking for strip
configure:6374: found /usr/bin/strip
configure:6385: result: strip
configure:6457: checking for ranlib
configure:6473: found /usr/bin/ranlib
configure:6484: result: ranlib
configure:6586: checking command to parse /usr/bin/nm -B output from gcc object
configure:6739: gcc -c -g -O2  conftest.c >&5
configure:6742: $? = 0
configure:6746: /usr/bin/nm -B conftest.o \| sed -n -e 's/^.*[ ]\([ABCDGIRSTW][ABCDGIRSTW]*\)[ ][ ]*\([_A-Za-z][_A-Za-z0-9]*\)$/\1 \2 \2/p' | sed '/ __gnu_lto/d' \> conftest.nm
configure:6749: $? = 0
configure:6815: gcc -o conftest -g -O2   conftest.c conftstm.o >&5
configure:6818: $? = 0
configure:6856: result: ok
configure:6903: checking for sysroot
configure:6933: result: no
configure:6940: checking for a working dd
configure:6978: result: /bin/dd
configure:6982: checking how to truncate binary pipes
configure:6997: result: /bin/dd bs=4096 count=1
configure:7133: gcc -c -g -O2  conftest.c >&5
configure:7136: $? = 0
configure:7326: checking for mt
configure:7342: found /bin/mt
configure:7353: result: mt
configure:7376: checking if mt is a manifest tool
configure:7382: mt '-?'
configure:7390: result: no
configure:8067: checking how to run the C preprocessor
configure:8098: gcc -E  conftest.c
configure:8098: $? = 0
configure:8112: gcc -E  conftest.c
conftest.c:12:10: fatal error: ac_nonexistent.h: No such file or directory
 #include <ac_nonexistent.h>
          ^~~~~~~~~~~~~~~~~~
compilation terminated.
configure:8112: $? = 1
configure: failed program was:
| /* confdefs.h */
| #define PACKAGE_NAME "GStreamer VA-API Plug-ins"
| #define PACKAGE_TARNAME "gstreamer-vaapi"
| #define PACKAGE_VERSION "1.15.0.1"
| #define PACKAGE_STRING "GStreamer VA-API Plug-ins 1.15.0.1"
| #define PACKAGE_BUGREPORT "http://bugzilla.gnome.org/enter_bug.cgi?product=GStreamer"
| #define PACKAGE_URL ""
| #define PACKAGE "gstreamer-vaapi"
| #define VERSION "1.15.0.1"
| #define GST_API_VERSION "1.0"
| /* end confdefs.h.  */
| #include <ac_nonexistent.h>
configure:8137: result: gcc -E
configure:8157: gcc -E  conftest.c
configure:8157: $? = 0
configure:8171: gcc -E  conftest.c
conftest.c:12:10: fatal error: ac_nonexistent.h: No such file or directory
 #include <ac_nonexistent.h>
          ^~~~~~~~~~~~~~~~~~
compilation terminated.
configure:8171: $? = 1
configure: failed program was:
| /* confdefs.h */
| #define PACKAGE_NAME "GStreamer VA-API Plug-ins"
| #define PACKAGE_TARNAME "gstreamer-vaapi"
| #define PACKAGE_VERSION "1.15.0.1"
| #define PACKAGE_STRING "GStreamer VA-API Plug-ins 1.15.0.1"
| #define PACKAGE_BUGREPORT "http://bugzilla.gnome.org/enter_bug.cgi?product=GStreamer"
| #define PACKAGE_URL ""
| #define PACKAGE "gstreamer-vaapi"
| #define VERSION "1.15.0.1"
| #define GST_API_VERSION "1.0"
| /* end confdefs.h.  */
| #include <ac_nonexistent.h>
configure:8200: checking for ANSI C header files
configure:8220: gcc -c -g -O2  conftest.c >&5
configure:8220: $? = 0
configure:8293: gcc -o conftest -g -O2   conftest.c  >&5
configure:8293: $? = 0
configure:8293: ./conftest
configure:8293: $? = 0
configure:8304: result: yes
configure:8317: checking for sys/types.h
configure:8317: gcc -c -g -O2  conftest.c >&5
configure:8317: $? = 0
configure:8317: result: yes
configure:8317: checking for sys/stat.h
configure:8317: gcc -c -g -O2  conftest.c >&5
configure:8317: $? = 0
configure:8317: result: yes
configure:8317: checking for stdlib.h
configure:8317: gcc -c -g -O2  conftest.c >&5
configure:8317: $? = 0
configure:8317: result: yes
configure:8317: checking for string.h
configure:8317: gcc -c -g -O2  conftest.c >&5
configure:8317: $? = 0
configure:8317: result: yes
configure:8317: checking for memory.h
configure:8317: gcc -c -g -O2  conftest.c >&5
configure:8317: $? = 0
configure:8317: result: yes
configure:8317: checking for strings.h
configure:8317: gcc -c -g -O2  conftest.c >&5
configure:8317: $? = 0
configure:8317: result: yes
configure:8317: checking for inttypes.h
configure:8317: gcc -c -g -O2  conftest.c >&5
configure:8317: $? = 0
configure:8317: result: yes
configure:8317: checking for stdint.h
configure:8317: gcc -c -g -O2  conftest.c >&5
configure:8317: $? = 0
configure:8317: result: yes
configure:8317: checking for unistd.h
configure:8317: gcc -c -g -O2  conftest.c >&5
configure:8317: $? = 0
configure:8317: result: yes
configure:8331: checking for dlfcn.h
configure:8331: gcc -c -g -O2  conftest.c >&5
configure:8331: $? = 0
configure:8331: result: yes
configure:8901: checking for objdir
configure:8916: result: .libs
configure:9180: checking if gcc supports -fno-rtti -fno-exceptions
configure:9198: gcc -c -g -O2  -fno-rtti -fno-exceptions conftest.c >&5
cc1: warning: command line option '-fno-rtti' is valid for C++/ObjC++ but not for C
configure:9202: $? = 0
configure:9215: result: no
configure:9573: checking for gcc option to produce PIC
configure:9580: result: -fPIC -DPIC
configure:9588: checking if gcc PIC flag -fPIC -DPIC works
configure:9606: gcc -c -g -O2  -fPIC -DPIC -DPIC conftest.c >&5
configure:9610: $? = 0
configure:9623: result: yes
configure:9652: checking if gcc static flag -static works
configure:9680: result: yes
configure:9695: checking if gcc supports -c -o file.o
configure:9716: gcc -c -g -O2  -o out/conftest2.o conftest.c >&5
configure:9720: $? = 0
configure:9742: result: yes
configure:9750: checking if gcc supports -c -o file.o
configure:9797: result: yes
configure:9830: checking whether the gcc linker (/usr/bin/ld -m elf_x86_64) supports shared libraries
configure:11093: result: yes
configure:11130: checking whether -lc should be explicitly linked in
configure:11138: gcc -c -g -O2  conftest.c >&5
configure:11141: $? = 0
configure:11156: gcc -shared  -fPIC -DPIC conftest.o  -v -Wl,-soname -Wl,conftest -o conftest 2\>\&1 \| /bin/grep  -lc  \>/dev/null 2\>\&1
configure:11159: $? = 0
configure:11173: result: no
configure:11333: checking dynamic linker characteristics
configure:11914: gcc -o conftest -g -O2   -Wl,-rpath -Wl,/foo conftest.c  >&5
configure:11914: $? = 0
configure:12163: result: GNU/Linux ld.so
configure:12285: checking how to hardcode library paths into programs
configure:12310: result: immediate
configure:12412: checking for shl_load
configure:12412: gcc -o conftest -g -O2   conftest.c  >&5
/tmp/ccZKRkHQ.o: In function `main':
/home/revel/gstreamer-vaapi/conftest.c:58: undefined reference to `shl_load'
collect2: error: ld returned 1 exit status
configure:12412: $? = 1
configure: failed program was:
| /* confdefs.h */
| #define PACKAGE_NAME "GStreamer VA-API Plug-ins"
| #define PACKAGE_TARNAME "gstreamer-vaapi"
| #define PACKAGE_VERSION "1.15.0.1"
| #define PACKAGE_STRING "GStreamer VA-API Plug-ins 1.15.0.1"
| #define PACKAGE_BUGREPORT "http://bugzilla.gnome.org/enter_bug.cgi?product=GStreamer"
| #define PACKAGE_URL ""
| #define PACKAGE "gstreamer-vaapi"
| #define VERSION "1.15.0.1"
| #define GST_API_VERSION "1.0"
| #define STDC_HEADERS 1
| #define HAVE_SYS_TYPES_H 1
| #define HAVE_SYS_STAT_H 1
| #define HAVE_STDLIB_H 1
| #define HAVE_STRING_H 1
| #define HAVE_MEMORY_H 1
| #define HAVE_STRINGS_H 1
| #define HAVE_INTTYPES_H 1
| #define HAVE_STDINT_H 1
| #define HAVE_UNISTD_H 1
| #define HAVE_DLFCN_H 1
| #define LT_OBJDIR ".libs/"
| /* end confdefs.h.  */
| /* Define shl_load to an innocuous variant, in case <limits.h> declares shl_load.
|    For example, HP-UX 11i <limits.h> declares gettimeofday.  */
| #define shl_load innocuous_shl_load
| 
| /* System header to define __stub macros and hopefully few prototypes,
|     which can conflict with char shl_load (); below.
|     Prefer <limits.h> to <assert.h> if __STDC__ is defined, since
|     <limits.h> exists even on freestanding compilers.  */
| 
| #ifdef __STDC__
| # include <limits.h>
| #else
| # include <assert.h>
| #endif
| 
| #undef shl_load
| 
| /* Override any GCC internal prototype to avoid an error.
|    Use char because int might match the return type of a GCC
|    builtin and then its argument prototype would still apply.  */
| #ifdef __cplusplus
| extern "C"
| #endif
| char shl_load ();
| /* The GNU C library defines this for functions which it implements
|     to always fail with ENOSYS.  Some functions are actually named
|     something starting with __ and the normal name is an alias.  */
| #if defined __stub_shl_load || defined __stub___shl_load
| choke me
| #endif
| 
| int
| main ()
| {
| return shl_load ();
|   ;
|   return 0;
| }
configure:12412: result: no
configure:12416: checking for shl_load in -ldld
configure:12441: gcc -o conftest -g -O2   conftest.c -ldld   >&5
/usr/bin/ld: cannot find -ldld
collect2: error: ld returned 1 exit status
configure:12441: $? = 1
configure: failed program was:
| /* confdefs.h */
| #define PACKAGE_NAME "GStreamer VA-API Plug-ins"
| #define PACKAGE_TARNAME "gstreamer-vaapi"
| #define PACKAGE_VERSION "1.15.0.1"
| #define PACKAGE_STRING "GStreamer VA-API Plug-ins 1.15.0.1"
| #define PACKAGE_BUGREPORT "http://bugzilla.gnome.org/enter_bug.cgi?product=GStreamer"
| #define PACKAGE_URL ""
| #define PACKAGE "gstreamer-vaapi"
| #define VERSION "1.15.0.1"
| #define GST_API_VERSION "1.0"
| #define STDC_HEADERS 1
| #define HAVE_SYS_TYPES_H 1
| #define HAVE_SYS_STAT_H 1
| #define HAVE_STDLIB_H 1
| #define HAVE_STRING_H 1
| #define HAVE_MEMORY_H 1
| #define HAVE_STRINGS_H 1
| #define HAVE_INTTYPES_H 1
| #define HAVE_STDINT_H 1
| #define HAVE_UNISTD_H 1
| #define HAVE_DLFCN_H 1
| #define LT_OBJDIR ".libs/"
| /* end confdefs.h.  */
| 
| /* Override any GCC internal prototype to avoid an error.
|    Use char because int might match the return type of a GCC
|    builtin and then its argument prototype would still apply.  */
| #ifdef __cplusplus
| extern "C"
| #endif
| char shl_load ();
| int
| main ()
| {
| return shl_load ();
|   ;
|   return 0;
| }
configure:12450: result: no
configure:12455: checking for dlopen
configure:12455: gcc -o conftest -g -O2   conftest.c  >&5
/tmp/ccnYI792.o: In function `main':
/home/revel/gstreamer-vaapi/conftest.c:58: undefined reference to `dlopen'
collect2: error: ld returned 1 exit status
configure:12455: $? = 1
configure: failed program was:
| /* confdefs.h */
| #define PACKAGE_NAME "GStreamer VA-API Plug-ins"
| #define PACKAGE_TARNAME "gstreamer-vaapi"
| #define PACKAGE_VERSION "1.15.0.1"
| #define PACKAGE_STRING "GStreamer VA-API Plug-ins 1.15.0.1"
| #define PACKAGE_BUGREPORT "http://bugzilla.gnome.org/enter_bug.cgi?product=GStreamer"
| #define PACKAGE_URL ""
| #define PACKAGE "gstreamer-vaapi"
| #define VERSION "1.15.0.1"
| #define GST_API_VERSION "1.0"
| #define STDC_HEADERS 1
| #define HAVE_SYS_TYPES_H 1
| #define HAVE_SYS_STAT_H 1
| #define HAVE_STDLIB_H 1
| #define HAVE_STRING_H 1
| #define HAVE_MEMORY_H 1
| #define HAVE_STRINGS_H 1
| #define HAVE_INTTYPES_H 1
| #define HAVE_STDINT_H 1
| #define HAVE_UNISTD_H 1
| #define HAVE_DLFCN_H 1
| #define LT_OBJDIR ".libs/"
| /* end confdefs.h.  */
| /* Define dlopen to an innocuous variant, in case <limits.h> declares dlopen.
|    For example, HP-UX 11i <limits.h> declares gettimeofday.  */
| #define dlopen innocuous_dlopen
| 
| /* System header to define __stub macros and hopefully few prototypes,
|     which can conflict with char dlopen (); below.
|     Prefer <limits.h> to <assert.h> if __STDC__ is defined, since
|     <limits.h> exists even on freestanding compilers.  */
| 
| #ifdef __STDC__
| # include <limits.h>
| #else
| # include <assert.h>
| #endif
| 
| #undef dlopen
| 
| /* Override any GCC internal prototype to avoid an error.
|    Use char because int might match the return type of a GCC
|    builtin and then its argument prototype would still apply.  */
| #ifdef __cplusplus
| extern "C"
| #endif
| char dlopen ();
| /* The GNU C library defines this for functions which it implements
|     to always fail with ENOSYS.  Some functions are actually named
|     something starting with __ and the normal name is an alias.  */
| #if defined __stub_dlopen || defined __stub___dlopen
| choke me
| #endif
| 
| int
| main ()
| {
| return dlopen ();
|   ;
|   return 0;
| }
configure:12455: result: no
configure:12459: checking for dlopen in -ldl
configure:12484: gcc -o conftest -g -O2   conftest.c -ldl   >&5
configure:12484: $? = 0
configure:12493: result: yes
configure:12612: checking whether a program can dlopen itself
configure:12692: gcc -o conftest -g -O2  -DHAVE_DLFCN_H  -Wl,--export-dynamic conftest.c -ldl  >&5
configure:12695: $? = 0
configure:12713: result: yes
configure:12718: checking whether a statically linked program can dlopen itself
configure:12798: gcc -o conftest -g -O2  -DHAVE_DLFCN_H  -Wl,--export-dynamic -static conftest.c -ldl  >&5
/tmp/cc3u4HZs.o: In function `main':
/home/revel/gstreamer-vaapi/configure:12777: warning: Using 'dlopen' in statically linked applications requires at runtime the shared libraries from the glibc version used for linking
configure:12801: $? = 0
conftest: undefined symbol: _fnord
configure:12819: result: no
configure:12858: checking whether stripping libraries is possible
configure:12863: result: yes
configure:12898: checking if libtool supports shared libraries
configure:12900: result: yes
configure:12903: checking whether to build shared libraries
configure:12928: result: yes
configure:12931: checking whether to build static libraries
configure:12935: result: no
configure:13218: Setting GST_PACKAGE_RELEASE_DATETIME to 2018-12-05T18:08Z
configure:13425: checking whether byte ordering is bigendian
configure:13440: gcc -c -g -O2  conftest.c >&5
conftest.c:28:9: error: unknown type name 'not'
         not a universal capable compiler
         ^~~
conftest.c:28:15: error: expected '=', ',', ';', 'asm' or '__attribute__' before 'universal'
         not a universal capable compiler
               ^~~~~~~~~
conftest.c:28:15: error: unknown type name 'universal'
configure:13440: $? = 1
configure: failed program was:
| /* confdefs.h */
| #define PACKAGE_NAME "GStreamer VA-API Plug-ins"
| #define PACKAGE_TARNAME "gstreamer-vaapi"
| #define PACKAGE_VERSION "1.15.0.1"
| #define PACKAGE_STRING "GStreamer VA-API Plug-ins 1.15.0.1"
| #define PACKAGE_BUGREPORT "http://bugzilla.gnome.org/enter_bug.cgi?product=GStreamer"
| #define PACKAGE_URL ""
| #define PACKAGE "gstreamer-vaapi"
| #define VERSION "1.15.0.1"
| #define GST_API_VERSION "1.0"
| #define STDC_HEADERS 1
| #define HAVE_SYS_TYPES_H 1
| #define HAVE_SYS_STAT_H 1
| #define HAVE_STDLIB_H 1
| #define HAVE_STRING_H 1
| #define HAVE_MEMORY_H 1
| #define HAVE_STRINGS_H 1
| #define HAVE_INTTYPES_H 1
| #define HAVE_STDINT_H 1
| #define HAVE_UNISTD_H 1
| #define HAVE_DLFCN_H 1
| #define LT_OBJDIR ".libs/"
| #define GST_ENABLE_EXTRA_CHECKS 1
| #define GST_PACKAGE_RELEASE_DATETIME "2018-12-05T18:08Z"
| #define HAVE_CPU_X86_64 1
| /* end confdefs.h.  */
| #ifndef __APPLE_CC__
| 	       not a universal capable compiler
| 	     #endif
| 	     typedef int dummy;
| 
configure:13485: gcc -c -g -O2  conftest.c >&5
configure:13485: $? = 0
configure:13503: gcc -c -g -O2  conftest.c >&5
conftest.c: In function 'main':
conftest.c:34:4: error: unknown type name 'not'; did you mean 'ino_t'?
    not big endian
    ^~~
    ino_t
conftest.c:34:12: error: expected '=', ',', ';', 'asm' or '__attribute__' before 'endian'
    not big endian
            ^~~~~~
configure:13503: $? = 1
configure: failed program was:
| /* confdefs.h */
| #define PACKAGE_NAME "GStreamer VA-API Plug-ins"
| #define PACKAGE_TARNAME "gstreamer-vaapi"
| #define PACKAGE_VERSION "1.15.0.1"
| #define PACKAGE_STRING "GStreamer VA-API Plug-ins 1.15.0.1"
| #define PACKAGE_BUGREPORT "http://bugzilla.gnome.org/enter_bug.cgi?product=GStreamer"
| #define PACKAGE_URL ""
| #define PACKAGE "gstreamer-vaapi"
| #define VERSION "1.15.0.1"
| #define GST_API_VERSION "1.0"
| #define STDC_HEADERS 1
| #define HAVE_SYS_TYPES_H 1
| #define HAVE_SYS_STAT_H 1
| #define HAVE_STDLIB_H 1
| #define HAVE_STRING_H 1
| #define HAVE_MEMORY_H 1
| #define HAVE_STRINGS_H 1
| #define HAVE_INTTYPES_H 1
| #define HAVE_STDINT_H 1
| #define HAVE_UNISTD_H 1
| #define HAVE_DLFCN_H 1
| #define LT_OBJDIR ".libs/"
| #define GST_ENABLE_EXTRA_CHECKS 1
| #define GST_PACKAGE_RELEASE_DATETIME "2018-12-05T18:08Z"
| #define HAVE_CPU_X86_64 1
| /* end confdefs.h.  */
| #include <sys/types.h>
| 		#include <sys/param.h>
| 
| int
| main ()
| {
| #if BYTE_ORDER != BIG_ENDIAN
| 		 not big endian
| 		#endif
| 
|   ;
|   return 0;
| }
configure:13631: result: no
configure:13832: checking for gcc
configure:13859: result: gcc
configure:14088: checking for C compiler version
configure:14097: gcc --version >&5
gcc (Ubuntu 7.3.0-27ubuntu1~18.04) 7.3.0
Copyright (C) 2017 Free Software Foundation, Inc.
This is free software; see the source for copying conditions.  There is NO
warranty; not even for MERCHANTABILITY or FITNESS FOR A PARTICULAR PURPOSE.

configure:14108: $? = 0
configure:14097: gcc -v >&5
Using built-in specs.
COLLECT_GCC=gcc
COLLECT_LTO_WRAPPER=/usr/lib/gcc/x86_64-linux-gnu/7/lto-wrapper
OFFLOAD_TARGET_NAMES=nvptx-none
OFFLOAD_TARGET_DEFAULT=1
Target: x86_64-linux-gnu
Configured with: ../src/configure -v --with-pkgversion='Ubuntu 7.3.0-27ubuntu1~18.04' --with-bugurl=file:///usr/share/doc/gcc-7/README.Bugs --enable-languages=c,ada,c++,go,brig,d,fortran,objc,obj-c++ --prefix=/usr --with-gcc-major-version-only --program-suffix=-7 --program-prefix=x86_64-linux-gnu- --enable-shared --enable-linker-build-id --libexecdir=/usr/lib --without-included-gettext --enable-threads=posix --libdir=/usr/lib --enable-nls --with-sysroot=/ --enable-clocale=gnu --enable-libstdcxx-debug --enable-libstdcxx-time=yes --with-default-libstdcxx-abi=new --enable-gnu-unique-object --disable-vtable-verify --enable-libmpx --enable-plugin --enable-default-pie --with-system-zlib --with-target-system-zlib --enable-objc-gc=auto --enable-multiarch --disable-werror --with-arch-32=i686 --with-abi=m64 --with-multilib-list=m32,m64,mx32 --enable-multilib --with-tune=generic --enable-offload-targets=nvptx-none --without-cuda-driver --enable-checking=release --build=x86_64-linux-gnu --host=x86_64-linux-gnu --target=x86_64-linux-gnu
Thread model: posix
gcc version 7.3.0 (Ubuntu 7.3.0-27ubuntu1~18.04) 
configure:14108: $? = 0
configure:14097: gcc -V >&5
gcc: error: unrecognized command line option '-V'
gcc: fatal error: no input files
compilation terminated.
configure:14108: $? = 1
configure:14097: gcc -qversion >&5
gcc: error: unrecognized command line option '-qversion'; did you mean '--version'?
gcc: fatal error: no input files
compilation terminated.
configure:14108: $? = 1
configure:14112: checking whether we are using the GNU C compiler
configure:14140: result: yes
configure:14149: checking whether gcc accepts -g
configure:14210: result: yes
configure:14227: checking for gcc option to accept ISO C89
configure:14303: result: none needed
configure:14328: checking whether gcc understands -c and -o together
configure:14365: result: yes
configure:14384: checking dependency style of gcc
configure:14495: result: gcc3
configure:14514: checking for gcc option to accept ISO C99
configure:14663: gcc  -c -g -O2  conftest.c >&5
configure:14663: $? = 0
configure:14676: result: none needed
configure:14784: checking for gcc option to accept ISO Standard C
configure:14795: result: none needed
configure:14854: checking for pkg-config
configure:14872: found /usr/bin/pkg-config
configure:14884: result: /usr/bin/pkg-config
configure:14909: checking pkg-config is at least version 0.9.0
configure:14912: result: yes
configure:14926: checking for gtkdoc-check
configure:14944: found /usr/bin/gtkdoc-check
configure:14956: result: /usr/bin/gtkdoc-check
configure:14968: checking for gtkdoc-rebase
configure:14986: found /usr/bin/gtkdoc-rebase
configure:14998: result: /usr/bin/gtkdoc-rebase
configure:15012: checking for gtkdoc-mkpdf
configure:15030: found /usr/bin/gtkdoc-mkpdf
configure:15042: result: /usr/bin/gtkdoc-mkpdf
configure:15072: $PKG_CONFIG --exists --print-errors "gtk-doc >= $GTKDOC_REQ"
configure:15075: $? = 0
configure:15084: checking for GTKDOC_DEPS
configure:15092: $PKG_CONFIG --exists --print-errors "glib-2.0 >= 2.10.0 gobject-2.0  >= 2.10.0"
configure:15095: $? = 0
configure:15110: $PKG_CONFIG --exists --print-errors "glib-2.0 >= 2.10.0 gobject-2.0  >= 2.10.0"
configure:15113: $? = 0
configure:15168: result: yes
configure:15246: checking whether to build gtk-doc documentation
configure:15248: result: yes
configure:15316: checking for python
configure:15334: found /usr/bin/python
configure:15346: result: /usr/bin/python
configure:15367: checking for python version
configure:15374: result: 2.7
configure:15386: checking for python platform
configure:15393: result: linux2
configure:15419: checking for python script directory
configure:15454: result: ${prefix}/lib/python2.7/dist-packages
configure:15463: checking for python extension module directory
configure:15498: result: ${exec_prefix}/lib/python2.7/dist-packages
configure:15514: checking whether to build plugin documentation
configure:15519: result: yes
configure:15540: checking for tan in -lm
configure:15565: gcc -o conftest -g -O2   conftest.c -lm   >&5
conftest.c:36:6: warning: conflicting types for built-in function 'tan' [-Wbuiltin-declaration-mismatch]
 char tan ();
      ^~~
configure:15565: $? = 0
configure:15574: result: yes
configure:15586: checking for dlopen
configure:15586: result: no
configure:15591: checking for dlopen in -ldl
configure:15625: result: yes
configure:15703: Using /usr/local/lib/gstreamer-1.0 as the plugin install location
configure:15733: checking for GLIB
configure:15741: $PKG_CONFIG --exists --print-errors "$which"
configure:15744: $? = 0
configure:15759: $PKG_CONFIG --exists --print-errors "$which"
configure:15762: $? = 0
configure:15814: result: yes
configure:15865: checking for glib-genmarshal
configure:15873: result: glib-genmarshal (from pkg-config path)
configure:15927: checking for glib-mkenums
configure:15934: result: glib-mkenums
configure:15947: checking for GIO
configure:15955: $PKG_CONFIG --exists --print-errors "gio-2.0 >= $GLIB_REQ"
configure:15958: $? = 0
configure:15973: $PKG_CONFIG --exists --print-errors "gio-2.0 >= $GLIB_REQ"
configure:15976: $? = 0
configure:16031: result: yes
configure:16071: checking for GST
configure:16079: $PKG_CONFIG --exists --print-errors "$module >= $minver"
configure:16082: $? = 0
configure:16097: $PKG_CONFIG --exists --print-errors "$module >= $minver"
configure:16100: $? = 0
configure:16156: result: yes
configure:16170: using GStreamer tools in /usr/local/bin
configure:16180: using GStreamer plug-ins in /usr/local/lib/gstreamer-1.0
configure:16185: checking for GStreamer API version
configure:16191: result: 1.15
configure:16207: checking for GST_BASE
configure:16215: $PKG_CONFIG --exists --print-errors "$module >= $minver"
configure:16218: $? = 0
configure:16233: $PKG_CONFIG --exists --print-errors "$module >= $minver"
configure:16236: $? = 0
configure:16292: result: yes
configure:16309: checking for GST_PLUGINS_BASE
configure:16317: $PKG_CONFIG --exists --print-errors "$module >= $minver"
configure:16320: $? = 0
configure:16335: $PKG_CONFIG --exists --print-errors "$module >= $minver"
configure:16338: $? = 0
configure:16394: result: yes
configure:16410: using GStreamer Base Plugins in /usr/local/lib/gstreamer-1.0
configure:16425: checking for GST_ALLOCATORS
configure:16433: $PKG_CONFIG --exists --print-errors "$module >= $minver"
configure:16436: $? = 0
configure:16451: $PKG_CONFIG --exists --print-errors "$module >= $minver"
configure:16454: $? = 0
configure:16510: result: yes
configure:16526: checking for GST_VIDEO
configure:16534: $PKG_CONFIG --exists --print-errors "$module >= $minver"
configure:16537: $? = 0
configure:16552: $PKG_CONFIG --exists --print-errors "$module >= $minver"
configure:16555: $? = 0
configure:16611: result: yes
configure:16627: checking for GST_PBUTILS
configure:16635: $PKG_CONFIG --exists --print-errors "$module >= $minver"
configure:16638: $? = 0
configure:16653: $PKG_CONFIG --exists --print-errors "$module >= $minver"
configure:16656: $? = 0
configure:16712: result: yes
configure:16728: checking for GST_CODEC_PARSERS
configure:16736: $PKG_CONFIG --exists --print-errors "$module >= $minver"
configure:16739: $? = 0
configure:16754: $PKG_CONFIG --exists --print-errors "$module >= $minver"
configure:16757: $? = 0
configure:16813: result: yes
configure:16832: checking for GST_GL
configure:16840: $PKG_CONFIG --exists --print-errors "gstreamer-gl-$GST_API_VERSION >= $GST_PBADREQ"
configure:16843: $? = 0
configure:16858: $PKG_CONFIG --exists --print-errors "gstreamer-gl-$GST_API_VERSION >= $GST_PBADREQ"
configure:16861: $? = 0
configure:16897: result: yes
configure:16901: checking for GStreamer OpenGL helper libraries
configure:16913: checking gst/gl/gl.h usability
configure:16913: gcc -c -g -O2  -pthread -I/usr/local/include/gstreamer-1.0 -I/usr/local/lib/gstreamer-1.0/include -I/usr/include/libdrm -I/usr/local/include/gstreamer-1.0 -I/usr/include/glib-2.0 -I/usr/lib/x86_64-linux-gnu/glib-2.0/include -pthread -I/usr/local/include/gstreamer-1.0 -I/usr/include/glib-2.0 -I/usr/lib/x86_64-linux-gnu/glib-2.0/include conftest.c >&5
configure:16913: $? = 0
configure:16913: result: yes
configure:16913: checking gst/gl/gl.h presence
configure:16913: gcc -E  -pthread -I/usr/local/include/gstreamer-1.0 -I/usr/local/lib/gstreamer-1.0/include -I/usr/include/libdrm -I/usr/local/include/gstreamer-1.0 -I/usr/include/glib-2.0 -I/usr/lib/x86_64-linux-gnu/glib-2.0/include -pthread -I/usr/local/include/gstreamer-1.0 -I/usr/include/glib-2.0 -I/usr/lib/x86_64-linux-gnu/glib-2.0/include conftest.c
configure:16913: $? = 0
configure:16913: result: yes
configure:16913: checking for gst/gl/gl.h
configure:16913: result: yes
configure:16942: gcc -c -g -O2  -pthread -I/usr/local/include/gstreamer-1.0 -I/usr/local/lib/gstreamer-1.0/include -I/usr/include/libdrm -I/usr/local/include/gstreamer-1.0 -I/usr/include/glib-2.0 -I/usr/lib/x86_64-linux-gnu/glib-2.0/include -pthread -I/usr/local/include/gstreamer-1.0 -I/usr/include/glib-2.0 -I/usr/lib/x86_64-linux-gnu/glib-2.0/include conftest.c >&5
configure:16942: $? = 0
configure:16952: result: yes
configure:16985: checking for DRM
configure:16993: $PKG_CONFIG --exists --print-errors "libdrm libudev"
Package libudev was not found in the pkg-config search path.
Perhaps you should add the directory containing `libudev.pc'
to the PKG_CONFIG_PATH environment variable
No package 'libudev' found
configure:16996: $? = 1
configure:17011: $PKG_CONFIG --exists --print-errors "libdrm libudev"
Package libudev was not found in the pkg-config search path.
Perhaps you should add the directory containing `libudev.pc'
to the PKG_CONFIG_PATH environment variable
No package 'libudev' found
configure:17014: $? = 1
No package 'libudev' found
configure:17042: result: no
configure:17079: checking for X11
configure:17087: $PKG_CONFIG --exists --print-errors "x11"
configure:17090: $? = 0
configure:17105: $PKG_CONFIG --exists --print-errors "x11"
configure:17108: $? = 0
configure:17144: result: yes
configure:17153: checking X11/Xlib.h usability
configure:17153: gcc -c -g -O2   conftest.c >&5
configure:17153: $? = 0
configure:17153: result: yes
configure:17153: checking X11/Xlib.h presence
configure:17153: gcc -E   conftest.c
configure:17153: $? = 0
configure:17153: result: yes
configure:17153: checking for X11/Xlib.h
configure:17153: result: yes
configure:17153: checking X11/Xutil.h usability
configure:17153: gcc -c -g -O2   conftest.c >&5
configure:17153: $? = 0
configure:17153: result: yes
configure:17153: checking X11/Xutil.h presence
configure:17153: gcc -E   conftest.c
configure:17153: $? = 0
configure:17153: result: yes
configure:17153: checking for X11/Xutil.h
configure:17153: result: yes
configure:17153: checking X11/Xatom.h usability
configure:17153: gcc -c -g -O2   conftest.c >&5
configure:17153: $? = 0
configure:17153: result: yes
configure:17153: checking X11/Xatom.h presence
configure:17153: gcc -E   conftest.c
configure:17153: $? = 0
configure:17153: result: yes
configure:17153: checking for X11/Xatom.h
configure:17153: result: yes
configure:17179: checking X11/XKBlib.h usability
configure:17179: gcc -c -g -O2   conftest.c >&5
configure:17179: $? = 0
configure:17179: result: yes
configure:17179: checking X11/XKBlib.h presence
configure:17179: gcc -E   conftest.c
configure:17179: $? = 0
configure:17179: result: yes
configure:17179: checking for X11/XKBlib.h
configure:17179: result: yes
configure:17195: checking for XRANDR
configure:17203: $PKG_CONFIG --exists --print-errors "xrandr"
configure:17206: $? = 0
configure:17221: $PKG_CONFIG --exists --print-errors "xrandr"
configure:17224: $? = 0
configure:17260: result: yes
configure:17268: checking X11/extensions/Xrandr.h usability
configure:17268: gcc -c -g -O2   conftest.c >&5
configure:17268: $? = 0
configure:17268: result: yes
configure:17268: checking X11/extensions/Xrandr.h presence
configure:17268: gcc -E   conftest.c
configure:17268: $? = 0
configure:17268: result: yes
configure:17268: checking for X11/extensions/Xrandr.h
configure:17268: result: yes
configure:17286: checking for XRENDER
configure:17294: $PKG_CONFIG --exists --print-errors "xrender"
configure:17297: $? = 0
configure:17312: $PKG_CONFIG --exists --print-errors "xrender"
configure:17315: $? = 0
configure:17351: result: yes
configure:17359: checking X11/extensions/Xrender.h usability
configure:17359: gcc -c -g -O2   conftest.c >&5
configure:17359: $? = 0
configure:17359: result: yes
configure:17359: checking X11/extensions/Xrender.h presence
configure:17359: gcc -E   conftest.c
configure:17359: $? = 0
configure:17359: result: yes
configure:17359: checking for X11/extensions/Xrender.h
configure:17359: result: yes
configure:17403: checking for GL
configure:17411: $PKG_CONFIG --exists --print-errors "gl"
Package gl was not found in the pkg-config search path.
Perhaps you should add the directory containing `gl.pc'
to the PKG_CONFIG_PATH environment variable
No package 'gl' found
configure:17414: $? = 1
configure:17429: $PKG_CONFIG --exists --print-errors "gl"
Package gl was not found in the pkg-config search path.
Perhaps you should add the directory containing `gl.pc'
to the PKG_CONFIG_PATH environment variable
No package 'gl' found
configure:17432: $? = 1
No package 'gl' found
configure:17460: result: no
configure:17505: checking for GLES2
configure:17513: $PKG_CONFIG --exists --print-errors "glesv2"
configure:17516: $? = 0
configure:17531: $PKG_CONFIG --exists --print-errors "glesv2"
configure:17534: $? = 0
configure:17570: result: yes
configure:17578: checking for GLES2/gl2.h
configure:17578: gcc -c -g -O2   conftest.c >&5
configure:17578: $? = 0
configure:17578: result: yes
configure:17578: checking for GLES2/gl2ext.h
configure:17578: gcc -c -g -O2   conftest.c >&5
configure:17578: $? = 0
configure:17578: result: yes
configure:17607: checking for GLES3
configure:17615: $PKG_CONFIG --exists --print-errors "glesv2"
configure:17618: $? = 0
configure:17633: $PKG_CONFIG --exists --print-errors "glesv2"
configure:17636: $? = 0
configure:17672: result: yes
configure:17680: checking for GLES3/gl3.h
configure:17680: gcc -c -g -O2   conftest.c >&5
configure:17680: $? = 0
configure:17680: result: yes
configure:17680: checking for GLES3/gl3ext.h
configure:17680: gcc -c -g -O2   conftest.c >&5
configure:17680: $? = 0
configure:17680: result: yes
configure:17680: checking for GLES2/gl2ext.h
configure:17680: result: yes
configure:17787: checking for EGL
configure:17795: $PKG_CONFIG --exists --print-errors "egl"
configure:17798: $? = 0
configure:17813: $PKG_CONFIG --exists --print-errors "egl"
configure:17816: $? = 0
configure:17852: result: yes
configure:17863: checking EGL/egl.h usability
configure:17863: gcc -c -g -O2  -I/usr/include/libdrm conftest.c >&5
configure:17863: $? = 0
configure:17863: result: yes
configure:17863: checking EGL/egl.h presence
configure:17863: gcc -E  -I/usr/include/libdrm conftest.c
configure:17863: $? = 0
configure:17863: result: yes
configure:17863: checking for EGL/egl.h
configure:17863: result: yes
configure:17875: checking for eglGetDisplay in -lEGL
configure:17900: gcc -o conftest -g -O2  -I/usr/include/libdrm  conftest.c -lEGL  -lm  -lEGL >&5
configure:17900: $? = 0
configure:17909: result: yes
configure:17932: checking for WAYLAND
configure:17940: $PKG_CONFIG --exists --print-errors "wayland-client >= $WAYLAND_REQ"
configure:17943: $? = 0
configure:17958: $PKG_CONFIG --exists --print-errors "wayland-client >= $WAYLAND_REQ"
configure:17961: $? = 0
configure:17997: result: yes
configure:18005: checking wayland-client.h usability
configure:18005: gcc -c -g -O2   conftest.c >&5
configure:18005: $? = 0
configure:18005: result: yes
configure:18005: checking wayland-client.h presence
configure:18005: gcc -E   conftest.c
configure:18005: $? = 0
configure:18005: result: yes
configure:18005: checking for wayland-client.h
configure:18005: result: yes
configure:18121: checking for GTK3
configure:18129: $PKG_CONFIG --exists --print-errors "gtk+-3.0"
Package gtk+-3.0 was not found in the pkg-config search path.
Perhaps you should add the directory containing `gtk+-3.0.pc'
to the PKG_CONFIG_PATH environment variable
No package 'gtk+-3.0' found
configure:18132: $? = 1
configure:18147: $PKG_CONFIG --exists --print-errors "gtk+-3.0"
Package gtk+-3.0 was not found in the pkg-config search path.
Perhaps you should add the directory containing `gtk+-3.0.pc'
to the PKG_CONFIG_PATH environment variable
No package 'gtk+-3.0' found
configure:18150: $? = 1
No package 'gtk+-3.0' found
configure:18178: result: no
configure:18225: checking for LIBVA
configure:18233: $PKG_CONFIG --exists --print-errors "libva >= $VAAPI_REQ libva != 0.99.0"
configure:18236: $? = 0
configure:18251: $PKG_CONFIG --exists --print-errors "libva >= $VAAPI_REQ libva != 0.99.0"
configure:18254: $? = 0
configure:18309: result: yes
configure:18416: checking for LIBVA_X11
configure:18424: $PKG_CONFIG --exists --print-errors "libva-x11 >= $VAAPI_X11_REQ"
configure:18427: $? = 0
configure:18442: $PKG_CONFIG --exists --print-errors "libva-x11 >= $VAAPI_X11_REQ"
configure:18445: $? = 0
configure:18481: result: yes
configure:18491: checking for va/va_dec_jpeg.h
configure:18491: gcc -c -g -O2   conftest.c >&5
configure:18491: $? = 0
configure:18491: result: yes
configure:18507: checking for JPEG decoding API
configure:18540: gcc -c -g -O2   conftest.c >&5
configure:18540: $? = 0
configure:18550: result: yes
configure:18560: checking for va/va_dec_vp8.h
configure:18560: gcc -c -g -O2   conftest.c >&5
configure:18560: $? = 0
configure:18560: result: yes
configure:18576: checking for VP8 decoding API
configure:18611: gcc -c -g -O2   conftest.c >&5
configure:18611: $? = 0
configure:18621: result: yes
configure:18631: checking for va/va_dec_vp9.h
configure:18631: gcc -c -g -O2   conftest.c >&5
configure:18631: $? = 0
configure:18631: result: yes
configure:18647: checking for VP9 decoding API
configure:18681: gcc -c -g -O2   conftest.c >&5
configure:18681: $? = 0
configure:18691: result: yes
configure:18701: checking for va/va_dec_hevc.h
configure:18701: gcc -c -g -O2   conftest.c >&5
configure:18701: $? = 0
configure:18701: result: yes
configure:18717: checking for HEVC decoding API
configure:18751: gcc -c -g -O2   conftest.c >&5
configure:18751: $? = 0
configure:18761: result: yes
configure:18771: checking for va/va_vpp.h
configure:18771: gcc -c -g -O2   conftest.c >&5
configure:18771: $? = 0
configure:18771: result: yes
configure:18787: checking for video post-postprocessing API
configure:18821: gcc -c -g -O2   conftest.c >&5
configure:18821: $? = 0
configure:18831: result: yes
configure:18841: checking for LIBVA
configure:18849: $PKG_CONFIG --exists --print-errors "libva >= $VAAPI_ENC_REQ"
configure:18852: $? = 0
configure:18906: result: yes
configure:18915: checking for va/va_enc_mpeg2.h
configure:18915: gcc -c -g -O2   conftest.c >&5
configure:18915: $? = 0
configure:18915: result: yes
configure:18915: checking for va/va_enc_h264.h
configure:18915: gcc -c -g -O2   conftest.c >&5
configure:18915: $? = 0
configure:18915: result: yes
configure:18947: checking for va/va_enc_jpeg.h
configure:18947: gcc -c -g -O2   conftest.c >&5
configure:18947: $? = 0
configure:18947: result: yes
configure:18960: checking for JPEG encoding API
configure:18990: gcc -c -g -O2   conftest.c >&5
configure:18990: $? = 0
configure:18999: result: yes
configure:19007: checking for va/va_enc_vp8.h
configure:19007: gcc -c -g -O2   conftest.c >&5
configure:19007: $? = 0
configure:19007: result: yes
configure:19020: checking for VP8 encoding API
configure:19050: gcc -c -g -O2   conftest.c >&5
configure:19050: $? = 0
configure:19059: result: yes
configure:19067: checking for va/va_enc_hevc.h
configure:19067: gcc -c -g -O2   conftest.c >&5
configure:19067: $? = 0
configure:19067: result: yes
configure:19080: checking for HEVC encoding API
configure:19111: gcc -c -g -O2   conftest.c >&5
configure:19111: $? = 0
configure:19120: result: yes
configure:19128: checking for va/va_enc_vp9.h
configure:19128: gcc -c -g -O2   conftest.c >&5
configure:19128: $? = 0
configure:19128: result: yes
configure:19141: checking for VP9 encoding API
configure:19172: gcc -c -g -O2   conftest.c >&5
configure:19172: $? = 0
configure:19181: result: yes
configure:19189: checking for va/va_fei_h264.h
configure:19189: gcc -c -g -O2   conftest.c >&5
configure:19189: $? = 0
configure:19189: result: yes
configure:19202: checking for H264_FEI encoding API
configure:19236: gcc -c -g -O2    conftest.c >&5
configure:19236: $? = 0
configure:19246: result: yes
configure:19257: checking for LIBVA_WAYLAND
configure:19265: $PKG_CONFIG --exists --print-errors "libva-wayland >= $VAAPI_WLD_REQ"
configure:19268: $? = 0
configure:19283: $PKG_CONFIG --exists --print-errors "libva-wayland >= $VAAPI_WLD_REQ"
configure:19286: $? = 0
configure:19322: result: yes
configure:19333: checking whether the GStreamer debugging system is enabled
configure:19352: gcc -c -pthread -I/usr/local/include/gstreamer-1.0 -I/usr/include/glib-2.0 -I/usr/lib/x86_64-linux-gnu/glib-2.0/include -g -O2   conftest.c >&5
configure:19352: $? = 0
configure:19366: result: yes
configure:19379: checking to see if compiler understands 
configure:19396: gcc -c -g -O2    conftest.c >&5
configure:19396: $? = 0
configure:19411: result: yes
configure:19422: checking to see if compiler understands -Wall
configure:19439: gcc -c -g -O2 -Wall   conftest.c >&5
configure:19439: $? = 0
configure:19454: result: yes
configure:19459: checking to see if compiler understands -Wdeclaration-after-statement
configure:19476: gcc -c -g -O2 -Wdeclaration-after-statement   conftest.c >&5
configure:19476: $? = 0
configure:19491: result: yes
configure:19496: checking to see if compiler understands -Wvla
configure:19513: gcc -c -g -O2 -Wvla   conftest.c >&5
configure:19513: $? = 0
configure:19528: result: yes
configure:19533: checking to see if compiler understands -Wpointer-arith
configure:19550: gcc -c -g -O2 -Wpointer-arith   conftest.c >&5
configure:19550: $? = 0
configure:19565: result: yes
configure:19572: checking to see if compiler understands -Werror
configure:19589: gcc -c -g -O2 -Werror   conftest.c >&5
configure:19589: $? = 0
configure:19604: result: yes
configure:19616: checking to see if compiler understands -Wmissing-declarations
configure:19633: gcc -c -g -O2 -Wmissing-declarations   conftest.c >&5
configure:19633: $? = 0
configure:19648: result: yes
configure:19616: checking to see if compiler understands -Wmissing-prototypes
configure:19633: gcc -c -g -O2 -Wmissing-prototypes   conftest.c >&5
configure:19633: $? = 0
configure:19648: result: yes
configure:19616: checking to see if compiler understands -Wwrite-strings
configure:19633: gcc -c -g -O2 -Wwrite-strings   conftest.c >&5
configure:19633: $? = 0
configure:19648: result: yes
configure:19616: checking to see if compiler understands -Wformat-security
configure:19633: gcc -c -g -O2 -Wformat-security   conftest.c >&5
configure:19633: $? = 0
configure:19648: result: yes
configure:19616: checking to see if compiler understands -Wold-style-definition
configure:19633: gcc -c -g -O2 -Wold-style-definition   conftest.c >&5
conftest.c: In function 'main':
conftest.c:70:1: warning: old-style function definition [-Wold-style-definition]
 main ()
 ^~~~
configure:19633: $? = 0
configure:19648: result: yes
configure:19616: checking to see if compiler understands -Winit-self
configure:19633: gcc -c -g -O2 -Winit-self   conftest.c >&5
configure:19633: $? = 0
configure:19648: result: yes
configure:19616: checking to see if compiler understands -Wmissing-include-dirs
configure:19633: gcc -c -g -O2 -Wmissing-include-dirs   conftest.c >&5
configure:19633: $? = 0
configure:19648: result: yes
configure:19616: checking to see if compiler understands -Waddress
configure:19633: gcc -c -g -O2 -Waddress   conftest.c >&5
configure:19633: $? = 0
configure:19648: result: yes
configure:19616: checking to see if compiler understands -Wno-multichar
configure:19633: gcc -c -g -O2 -Wno-multichar   conftest.c >&5
configure:19633: $? = 0
configure:19648: result: yes
configure:19616: checking to see if compiler understands -Wnested-externs
configure:19633: gcc -c -g -O2 -Wnested-externs   conftest.c >&5
configure:19633: $? = 0
configure:19648: result: yes
configure:19660: set WARNING_CFLAGS to  -Wall -Wdeclaration-after-statement -Wvla -Wpointer-arith -Wmissing-declarations -Wmissing-prototypes -Wwrite-strings -Wformat-security -Wold-style-definition -Winit-self -Wmissing-include-dirs -Waddress -Wno-multichar -Wnested-externs
configure:19662: set ERROR_CFLAGS to  -Werror
configure:19694: checking to see if compiler understands -fno-strict-aliasing
configure:19711: gcc -c -g -O2 -fno-strict-aliasing   conftest.c >&5
configure:19711: $? = 0
configure:19726: result: yes
configure:20103: checking that generated files are newer than configure
configure:20109: result: done
configure:20297: creating ./config.status

## ---------------------- ##
## Running config.status. ##
## ---------------------- ##

This file was extended by GStreamer VA-API Plug-ins config.status 1.15.0.1, which was
generated by GNU Autoconf 2.69.  Invocation command line was

  CONFIG_FILES    = 
  CONFIG_HEADERS  = 
  CONFIG_LINKS    = 
  CONFIG_COMMANDS = 
  $ ./config.status 

on revel-NUC6CAYH

config.status:1351: creating Makefile
config.status:1351: creating common/Makefile
config.status:1351: creating common/m4/Makefile
config.status:1351: creating m4/Makefile
config.status:1351: creating docs/Makefile
config.status:1351: creating docs/version.entities
config.status:1351: creating docs/plugins/Makefile
config.status:1351: creating docs/plugins/gstreamer-vaapi-plugins-docs.xml
config.status:1351: creating gst-libs/Makefile
config.status:1351: creating gst-libs/gst/Makefile
config.status:1351: creating gst-libs/gst/vaapi/Makefile
config.status:1351: creating gst/Makefile
config.status:1351: creating gst/vaapi/Makefile
config.status:1351: creating tests/Makefile
config.status:1351: creating tests/elements/Makefile
config.status:1351: creating config.h
config.status:1580: executing depfiles commands
config.status:1580: executing libtool commands

## ---------------- ##
## Cache variables. ##
## ---------------- ##

ac_cv_build=x86_64-pc-linux-gnu
ac_cv_c_bigendian=no
ac_cv_c_compiler_gnu=yes
ac_cv_env_CC_set=
ac_cv_env_CC_value=
ac_cv_env_CFLAGS_set=
ac_cv_env_CFLAGS_value=
ac_cv_env_CPPFLAGS_set=
ac_cv_env_CPPFLAGS_value=
ac_cv_env_CPP_set=
ac_cv_env_CPP_value=
ac_cv_env_DRM_CFLAGS_set=
ac_cv_env_DRM_CFLAGS_value=
ac_cv_env_DRM_LIBS_set=
ac_cv_env_DRM_LIBS_value=
ac_cv_env_EGL_CFLAGS_set=
ac_cv_env_EGL_CFLAGS_value=
ac_cv_env_EGL_LIBS_set=
ac_cv_env_EGL_LIBS_value=
ac_cv_env_GIO_CFLAGS_set=
ac_cv_env_GIO_CFLAGS_value=
ac_cv_env_GIO_LIBS_set=
ac_cv_env_GIO_LIBS_value=
ac_cv_env_GLES2_CFLAGS_set=
ac_cv_env_GLES2_CFLAGS_value=
ac_cv_env_GLES2_LIBS_set=
ac_cv_env_GLES2_LIBS_value=
ac_cv_env_GLES3_CFLAGS_set=
ac_cv_env_GLES3_CFLAGS_value=
ac_cv_env_GLES3_LIBS_set=
ac_cv_env_GLES3_LIBS_value=
ac_cv_env_GLIB_CFLAGS_set=
ac_cv_env_GLIB_CFLAGS_value=
ac_cv_env_GLIB_LIBS_set=
ac_cv_env_GLIB_LIBS_value=
ac_cv_env_GL_CFLAGS_set=
ac_cv_env_GL_CFLAGS_value=
ac_cv_env_GL_LIBS_set=
ac_cv_env_GL_LIBS_value=
ac_cv_env_GST_ALLOCATORS_CFLAGS_set=
ac_cv_env_GST_ALLOCATORS_CFLAGS_value=
ac_cv_env_GST_ALLOCATORS_LIBS_set=
ac_cv_env_GST_ALLOCATORS_LIBS_value=
ac_cv_env_GST_BASE_CFLAGS_set=
ac_cv_env_GST_BASE_CFLAGS_value=
ac_cv_env_GST_BASE_LIBS_set=
ac_cv_env_GST_BASE_LIBS_value=
ac_cv_env_GST_CFLAGS_set=
ac_cv_env_GST_CFLAGS_value=
ac_cv_env_GST_CODEC_PARSERS_CFLAGS_set=
ac_cv_env_GST_CODEC_PARSERS_CFLAGS_value=
ac_cv_env_GST_CODEC_PARSERS_LIBS_set=
ac_cv_env_GST_CODEC_PARSERS_LIBS_value=
ac_cv_env_GST_GL_CFLAGS_set=
ac_cv_env_GST_GL_CFLAGS_value=
ac_cv_env_GST_GL_LIBS_set=
ac_cv_env_GST_GL_LIBS_value=
ac_cv_env_GST_LIBS_set=
ac_cv_env_GST_LIBS_value=
ac_cv_env_GST_PBUTILS_CFLAGS_set=
ac_cv_env_GST_PBUTILS_CFLAGS_value=
ac_cv_env_GST_PBUTILS_LIBS_set=
ac_cv_env_GST_PBUTILS_LIBS_value=
ac_cv_env_GST_PLUGINS_BASE_CFLAGS_set=
ac_cv_env_GST_PLUGINS_BASE_CFLAGS_value=
ac_cv_env_GST_PLUGINS_BASE_LIBS_set=
ac_cv_env_GST_PLUGINS_BASE_LIBS_value=
ac_cv_env_GST_VIDEO_CFLAGS_set=
ac_cv_env_GST_VIDEO_CFLAGS_value=
ac_cv_env_GST_VIDEO_LIBS_set=
ac_cv_env_GST_VIDEO_LIBS_value=
ac_cv_env_GTK3_CFLAGS_set=
ac_cv_env_GTK3_CFLAGS_value=
ac_cv_env_GTK3_LIBS_set=
ac_cv_env_GTK3_LIBS_value=
ac_cv_env_GTKDOC_DEPS_CFLAGS_set=
ac_cv_env_GTKDOC_DEPS_CFLAGS_value=
ac_cv_env_GTKDOC_DEPS_LIBS_set=
ac_cv_env_GTKDOC_DEPS_LIBS_value=
ac_cv_env_LDFLAGS_set=
ac_cv_env_LDFLAGS_value=
ac_cv_env_LIBS_set=
ac_cv_env_LIBS_value=
ac_cv_env_LIBVA_CFLAGS_set=
ac_cv_env_LIBVA_CFLAGS_value=
ac_cv_env_LIBVA_DRM_CFLAGS_set=
ac_cv_env_LIBVA_DRM_CFLAGS_value=
ac_cv_env_LIBVA_DRM_LIBS_set=
ac_cv_env_LIBVA_DRM_LIBS_value=
ac_cv_env_LIBVA_LIBS_set=
ac_cv_env_LIBVA_LIBS_value=
ac_cv_env_LIBVA_WAYLAND_CFLAGS_set=
ac_cv_env_LIBVA_WAYLAND_CFLAGS_value=
ac_cv_env_LIBVA_WAYLAND_LIBS_set=
ac_cv_env_LIBVA_WAYLAND_LIBS_value=
ac_cv_env_LIBVA_X11_CFLAGS_set=
ac_cv_env_LIBVA_X11_CFLAGS_value=
ac_cv_env_LIBVA_X11_LIBS_set=
ac_cv_env_LIBVA_X11_LIBS_value=
ac_cv_env_LT_SYS_LIBRARY_PATH_set=
ac_cv_env_LT_SYS_LIBRARY_PATH_value=
ac_cv_env_PKG_CONFIG_set=
ac_cv_env_PKG_CONFIG_value=
ac_cv_env_PYTHON_set=
ac_cv_env_PYTHON_value=
ac_cv_env_WAYLAND_CFLAGS_set=
ac_cv_env_WAYLAND_CFLAGS_value=
ac_cv_env_WAYLAND_LIBS_set=
ac_cv_env_WAYLAND_LIBS_value=
ac_cv_env_X11_CFLAGS_set=
ac_cv_env_X11_CFLAGS_value=
ac_cv_env_X11_LIBS_set=
ac_cv_env_X11_LIBS_value=
ac_cv_env_XRANDR_CFLAGS_set=
ac_cv_env_XRANDR_CFLAGS_value=
ac_cv_env_XRANDR_LIBS_set=
ac_cv_env_XRANDR_LIBS_value=
ac_cv_env_XRENDER_CFLAGS_set=
ac_cv_env_XRENDER_CFLAGS_value=
ac_cv_env_XRENDER_LIBS_set=
ac_cv_env_XRENDER_LIBS_value=
ac_cv_env_build_alias_set=
ac_cv_env_build_alias_value=
ac_cv_env_host_alias_set=
ac_cv_env_host_alias_value=
ac_cv_env_target_alias_set=
ac_cv_env_target_alias_value=
ac_cv_func_dlopen=no
ac_cv_func_shl_load=no
ac_cv_have_gst_gl_helpers=yes
ac_cv_have_h264_fei_encoding_api=yes
ac_cv_have_h265_decoding_api=yes
ac_cv_have_hevc_encoding_api=yes
ac_cv_have_jpeg_decoding_api=yes
ac_cv_have_jpeg_encoding_api=yes
ac_cv_have_va_vpp_api=yes
ac_cv_have_vp8_decoding_api=yes
ac_cv_have_vp8_encoding_api=yes
ac_cv_have_vp9_decoding_api=yes
ac_cv_have_vp9_encoding_api=yes
ac_cv_header_EGL_egl_h=yes
ac_cv_header_GLES2_gl2_h=yes
ac_cv_header_GLES2_gl2ext_h=yes
ac_cv_header_GLES3_gl3_h=yes
ac_cv_header_GLES3_gl3ext_h=yes
ac_cv_header_X11_XKBlib_h=yes
ac_cv_header_X11_Xatom_h=yes
ac_cv_header_X11_Xlib_h=yes
ac_cv_header_X11_Xutil_h=yes
ac_cv_header_X11_extensions_Xrandr_h=yes
ac_cv_header_X11_extensions_Xrender_h=yes
ac_cv_header_dlfcn_h=yes
ac_cv_header_gst_gl_gl_h=yes
ac_cv_header_inttypes_h=yes
ac_cv_header_memory_h=yes
ac_cv_header_stdc=yes
ac_cv_header_stdint_h=yes
ac_cv_header_stdlib_h=yes
ac_cv_header_string_h=yes
ac_cv_header_strings_h=yes
ac_cv_header_sys_stat_h=yes
ac_cv_header_sys_types_h=yes
ac_cv_header_unistd_h=yes
ac_cv_header_va_va_dec_hevc_h=yes
ac_cv_header_va_va_dec_jpeg_h=yes
ac_cv_header_va_va_dec_vp8_h=yes
ac_cv_header_va_va_dec_vp9_h=yes
ac_cv_header_va_va_enc_h264_h=yes
ac_cv_header_va_va_enc_hevc_h=yes
ac_cv_header_va_va_enc_jpeg_h=yes
ac_cv_header_va_va_enc_mpeg2_h=yes
ac_cv_header_va_va_enc_vp8_h=yes
ac_cv_header_va_va_enc_vp9_h=yes
ac_cv_header_va_va_fei_h264_h=yes
ac_cv_header_va_va_vpp_h=yes
ac_cv_header_wayland_client_h=yes
ac_cv_host=x86_64-pc-linux-gnu
ac_cv_lib_EGL_eglGetDisplay=yes
ac_cv_lib_dl_dlopen=yes
ac_cv_lib_dld_shl_load=no
ac_cv_lib_m_tan=yes
ac_cv_objext=o
ac_cv_path_EGREP='/bin/grep -E'
ac_cv_path_FGREP='/bin/grep -F'
ac_cv_path_GREP=/bin/grep
ac_cv_path_GTKDOC_CHECK=/usr/bin/gtkdoc-check
ac_cv_path_GTKDOC_MKPDF=/usr/bin/gtkdoc-mkpdf
ac_cv_path_GTKDOC_REBASE=/usr/bin/gtkdoc-rebase
ac_cv_path_PYTHON=/usr/bin/python
ac_cv_path_SED=/bin/sed
ac_cv_path_ac_pt_PKG_CONFIG=/usr/bin/pkg-config
ac_cv_path_install='/usr/bin/install -c'
ac_cv_path_lt_DD=/bin/dd
ac_cv_path_mkdir=/bin/mkdir
ac_cv_prog_AWK=mawk
ac_cv_prog_CPP='gcc -E'
ac_cv_prog_ac_ct_AR=ar
ac_cv_prog_ac_ct_CC=gcc
ac_cv_prog_ac_ct_MANIFEST_TOOL=mt
ac_cv_prog_ac_ct_OBJDUMP=objdump
ac_cv_prog_ac_ct_RANLIB=ranlib
ac_cv_prog_ac_ct_STRIP=strip
ac_cv_prog_cc_c89=
ac_cv_prog_cc_c99=
ac_cv_prog_cc_g=yes
ac_cv_prog_cc_stdc=
ac_cv_prog_make_make_set=yes
ac_cv_target=x86_64-pc-linux-gnu
am_cv_CC_dependencies_compiler_type=gcc3
am_cv_make_support_nested_variables=yes
am_cv_prog_cc_c_o=yes
am_cv_prog_tar_ustar=gnutar
am_cv_python_platform=linux2
am_cv_python_pyexecdir='${exec_prefix}/lib/python2.7/dist-packages'
am_cv_python_pythondir='${prefix}/lib/python2.7/dist-packages'
am_cv_python_version=2.7
lt_cv_ar_at_file=@
lt_cv_archive_cmds_need_lc=no
lt_cv_deplibs_check_method=pass_all
lt_cv_dlopen=dlopen
lt_cv_dlopen_libs=-ldl
lt_cv_dlopen_self=yes
lt_cv_dlopen_self_static=no
lt_cv_file_magic_cmd='$MAGIC_CMD'
lt_cv_file_magic_test_file=
lt_cv_ld_reload_flag=-r
lt_cv_nm_interface='BSD nm'
lt_cv_objdir=.libs
lt_cv_path_LD=/usr/bin/ld
lt_cv_path_NM='/usr/bin/nm -B'
lt_cv_path_mainfest_tool=no
lt_cv_prog_compiler_c_o=yes
lt_cv_prog_compiler_pic='-fPIC -DPIC'
lt_cv_prog_compiler_pic_works=yes
lt_cv_prog_compiler_rtti_exceptions=no
lt_cv_prog_compiler_static_works=yes
lt_cv_prog_gnu_ld=yes
lt_cv_sharedlib_from_linklib_cmd='printf %s\n'
lt_cv_shlibpath_overrides_runpath=yes
lt_cv_sys_global_symbol_pipe='sed -n -e '\''s/^.*[	 ]\([ABCDGIRSTW][ABCDGIRSTW]*\)[	 ][	 ]*\([_A-Za-z][_A-Za-z0-9]*\)$/\1 \2 \2/p'\'' | sed '\''/ __gnu_lto/d'\'''
lt_cv_sys_global_symbol_to_c_name_address='sed -n -e '\''s/^: \(.*\) .*$/  {"\1", (void *) 0},/p'\'' -e '\''s/^[ABCDGIRSTW][ABCDGIRSTW]* .* \(.*\)$/  {"\1", (void *) \&\1},/p'\'''
lt_cv_sys_global_symbol_to_c_name_address_lib_prefix='sed -n -e '\''s/^: \(.*\) .*$/  {"\1", (void *) 0},/p'\'' -e '\''s/^[ABCDGIRSTW][ABCDGIRSTW]* .* \(lib.*\)$/  {"\1", (void *) \&\1},/p'\'' -e '\''s/^[ABCDGIRSTW][ABCDGIRSTW]* .* \(.*\)$/  {"lib\1", (void *) \&\1},/p'\'''
lt_cv_sys_global_symbol_to_cdecl='sed -n -e '\''s/^T .* \(.*\)$/extern int \1();/p'\'' -e '\''s/^[ABCDGIRSTW][ABCDGIRSTW]* .* \(.*\)$/extern char \1;/p'\'''
lt_cv_sys_global_symbol_to_import=
lt_cv_sys_max_cmd_len=1572864
lt_cv_to_host_file_cmd=func_convert_file_noop
lt_cv_to_tool_file_cmd=func_convert_file_noop
lt_cv_truncate_bin='/bin/dd bs=4096 count=1'
pkg_cv_EGL_CFLAGS=-I/usr/include/libdrm
pkg_cv_EGL_LIBS=-lEGL
pkg_cv_GIO_CFLAGS='-pthread -I/usr/include/glib-2.0 -I/usr/lib/x86_64-linux-gnu/glib-2.0/include'
pkg_cv_GIO_LIBS='-lgio-2.0 -lgobject-2.0 -lglib-2.0'
pkg_cv_GLES2_CFLAGS=
pkg_cv_GLES2_LIBS=-lGLESv2
pkg_cv_GLES3_CFLAGS=
pkg_cv_GLES3_LIBS=-lGLESv2
pkg_cv_GLIB_CFLAGS='-pthread -I/usr/include/glib-2.0 -I/usr/lib/x86_64-linux-gnu/glib-2.0/include'
pkg_cv_GLIB_LIBS='-lgobject-2.0 -lgmodule-2.0 -pthread -lglib-2.0'
pkg_cv_GST_ALLOCATORS_CFLAGS='-pthread -I/usr/local/include/gstreamer-1.0 -I/usr/include/glib-2.0 -I/usr/lib/x86_64-linux-gnu/glib-2.0/include'
pkg_cv_GST_ALLOCATORS_LIBS='-L/usr/local/lib -lgstallocators-1.0 -lgstreamer-1.0 -lgobject-2.0 -lglib-2.0'
pkg_cv_GST_BASE_CFLAGS='-pthread -I/usr/local/include/gstreamer-1.0 -I/usr/include/glib-2.0 -I/usr/lib/x86_64-linux-gnu/glib-2.0/include'
pkg_cv_GST_BASE_LIBS='-L/usr/local/lib -lgstbase-1.0 -lgstreamer-1.0 -lgobject-2.0 -lglib-2.0'
pkg_cv_GST_CFLAGS='-pthread -I/usr/local/include/gstreamer-1.0 -I/usr/include/glib-2.0 -I/usr/lib/x86_64-linux-gnu/glib-2.0/include'
pkg_cv_GST_CODEC_PARSERS_CFLAGS='-pthread -I/usr/local/include/gstreamer-1.0 -I/usr/include/glib-2.0 -I/usr/lib/x86_64-linux-gnu/glib-2.0/include'
pkg_cv_GST_CODEC_PARSERS_LIBS='-L/usr/local/lib -lgstcodecparsers-1.0 -lgstbase-1.0 -lgstreamer-1.0 -lgobject-2.0 -lglib-2.0'
pkg_cv_GST_GL_CFLAGS='-pthread -I/usr/local/include/gstreamer-1.0 -I/usr/local/lib/gstreamer-1.0/include -I/usr/include/libdrm -I/usr/local/include/gstreamer-1.0 -I/usr/include/glib-2.0 -I/usr/lib/x86_64-linux-gnu/glib-2.0/include'
pkg_cv_GST_GL_LIBS='-L/usr/local/lib -lgstgl-1.0 -lgstvideo-1.0 -lgstbase-1.0 -lgstreamer-1.0 -lgobject-2.0 -lglib-2.0'
pkg_cv_GST_LIBS='-L/usr/local/lib -lgstreamer-1.0 -lgobject-2.0 -lglib-2.0'
pkg_cv_GST_PBUTILS_CFLAGS='-pthread -I/usr/local/include/gstreamer-1.0 -I/usr/include/glib-2.0 -I/usr/lib/x86_64-linux-gnu/glib-2.0/include'
pkg_cv_GST_PBUTILS_LIBS='-L/usr/local/lib -lgstpbutils-1.0 -lgstreamer-1.0 -lgobject-2.0 -lglib-2.0'
pkg_cv_GST_PLUGINS_BASE_CFLAGS='-pthread -I/usr/local/include/gstreamer-1.0 -I/usr/include/glib-2.0 -I/usr/lib/x86_64-linux-gnu/glib-2.0/include'
pkg_cv_GST_PLUGINS_BASE_LIBS='-L/usr/local/lib -lgstreamer-1.0 -lgobject-2.0 -lglib-2.0'
pkg_cv_GST_VIDEO_CFLAGS='-pthread -I/usr/local/include/gstreamer-1.0 -I/usr/include/glib-2.0 -I/usr/lib/x86_64-linux-gnu/glib-2.0/include'
pkg_cv_GST_VIDEO_LIBS='-L/usr/local/lib -lgstvideo-1.0 -lgstbase-1.0 -lgstreamer-1.0 -lgobject-2.0 -lglib-2.0'
pkg_cv_GTKDOC_DEPS_CFLAGS='-I/usr/include/glib-2.0 -I/usr/lib/x86_64-linux-gnu/glib-2.0/include'
pkg_cv_GTKDOC_DEPS_LIBS='-lgobject-2.0 -lglib-2.0'
pkg_cv_LIBVA_CFLAGS=
pkg_cv_LIBVA_LIBS=-lva
pkg_cv_LIBVA_WAYLAND_CFLAGS=
pkg_cv_LIBVA_WAYLAND_LIBS='-lva-wayland -lva -lwayland-client'
pkg_cv_LIBVA_X11_CFLAGS=
pkg_cv_LIBVA_X11_LIBS='-lva-x11 -lva'
pkg_cv_WAYLAND_CFLAGS=
pkg_cv_WAYLAND_LIBS=-lwayland-client
pkg_cv_X11_CFLAGS=
pkg_cv_X11_LIBS=-lX11
pkg_cv_XRANDR_CFLAGS=
pkg_cv_XRANDR_LIBS=-lXrandr
pkg_cv_XRENDER_CFLAGS=
pkg_cv_XRENDER_LIBS='-lXrender -lX11'

## ----------------- ##
## Output variables. ##
## ----------------- ##

ACLOCAL='${SHELL} /home/revel/gstreamer-vaapi/build-aux/missing aclocal-1.15'
ACLOCAL_AMFLAGS='-I m4 -I common/m4'
AMDEPBACKSLASH='\'
AMDEP_FALSE='#'
AMDEP_TRUE=''
AMTAR='$${TAR-tar}'
AM_BACKSLASH='\'
AM_DEFAULT_V='$(AM_DEFAULT_VERBOSITY)'
AM_DEFAULT_VERBOSITY='0'
AM_V='$(V)'
AR='ar'
AS='as'
AUTOCONF='${SHELL} /home/revel/gstreamer-vaapi/build-aux/missing autoconf'
AUTOHEADER='${SHELL} /home/revel/gstreamer-vaapi/build-aux/missing autoheader'
AUTOMAKE='${SHELL} /home/revel/gstreamer-vaapi/build-aux/missing automake-1.15'
AWK='mawk'
BUILD_EXAMPLES_FALSE='#'
BUILD_EXAMPLES_TRUE=''
CC='gcc'
CCDEPMODE='depmode=gcc3'
CFLAGS='-g -O2'
CPP='gcc -E'
CPPFLAGS=' '
CYGPATH_W='echo'
DEFS='-DHAVE_CONFIG_H'
DEPDIR='.deps'
DEPRECATED_CFLAGS='-DGST_DISABLE_DEPRECATED'
DLLTOOL='false'
DLOPEN_LIBS='-ldl'
DRM_CFLAGS=''
DRM_LIBS=''
DSYMUTIL=''
DUMPBIN=''
ECHO_C=''
ECHO_N='-n'
ECHO_T=''
EGL_CFLAGS='-I/usr/include/libdrm'
EGL_LIBS='-lEGL'
EGREP='/bin/grep -E'
ENABLE_GTK_DOC_FALSE='#'
ENABLE_GTK_DOC_TRUE=''
ENABLE_PLUGIN_DOCS_FALSE='#'
ENABLE_PLUGIN_DOCS_TRUE=''
ERROR_CFLAGS=' -Werror'
EXEEXT=''
EXTRA_CFLAGS='-fno-strict-aliasing'
FGREP='/bin/grep -F'
GIO_CFLAGS='-pthread -I/usr/include/glib-2.0 -I/usr/lib/x86_64-linux-gnu/glib-2.0/include'
GIO_LDFLAGS=''
GIO_LIBS='-lgio-2.0 -lgobject-2.0 -lglib-2.0'
GLES2_CFLAGS=''
GLES2_LIBS='-lGLESv2'
GLES3_CFLAGS=''
GLES3_LIBS='-lGLESv2'
GLIB_CFLAGS='-pthread -I/usr/include/glib-2.0 -I/usr/lib/x86_64-linux-gnu/glib-2.0/include'
GLIB_EXTRA_CFLAGS=' -DG_THREADS_MANDATORY -DG_DISABLE_DEPRECATED'
GLIB_GENMARSHAL='glib-genmarshal'
GLIB_LIBS='-lgobject-2.0 -lgmodule-2.0 -pthread -lglib-2.0'
GLIB_MKENUMS='glib-mkenums'
GLIB_REQ='2.40'
GL_CFLAGS=''
GL_LIBS=''
GREP='/bin/grep'
GSTPB_PLUGINS_DIR='/usr/local/lib/gstreamer-1.0'
GST_AGE='1500'
GST_ALLOCATORS_CFLAGS='-pthread -I/usr/local/include/gstreamer-1.0 -I/usr/include/glib-2.0 -I/usr/lib/x86_64-linux-gnu/glib-2.0/include'
GST_ALLOCATORS_LIBS='-L/usr/local/lib -lgstallocators-1.0 -lgstreamer-1.0 -lgobject-2.0 -lglib-2.0'
GST_ALL_LDFLAGS='-no-undefined'
GST_API_VERSION='1.0'
GST_BASE_CFLAGS='-pthread -I/usr/local/include/gstreamer-1.0 -I/usr/include/glib-2.0 -I/usr/lib/x86_64-linux-gnu/glib-2.0/include'
GST_BASE_LIBS='-L/usr/local/lib -lgstbase-1.0 -lgstreamer-1.0 -lgobject-2.0 -lglib-2.0'
GST_CFLAGS='-pthread -I/usr/local/include/gstreamer-1.0 -I/usr/include/glib-2.0 -I/usr/lib/x86_64-linux-gnu/glib-2.0/include -DGST_USE_UNSTABLE_API -fno-strict-aliasing  -DG_THREADS_MANDATORY -DG_DISABLE_DEPRECATED $(GST_OPTION_CFLAGS)'
GST_CODEC_PARSERS_CFLAGS='-pthread -I/usr/local/include/gstreamer-1.0 -I/usr/include/glib-2.0 -I/usr/lib/x86_64-linux-gnu/glib-2.0/include'
GST_CODEC_PARSERS_LIBS='-L/usr/local/lib -lgstcodecparsers-1.0 -lgstbase-1.0 -lgstreamer-1.0 -lgobject-2.0 -lglib-2.0'
GST_CURRENT='1500'
GST_GL_CFLAGS='-pthread -I/usr/local/include/gstreamer-1.0 -I/usr/local/lib/gstreamer-1.0/include -I/usr/include/libdrm -I/usr/local/include/gstreamer-1.0 -I/usr/include/glib-2.0 -I/usr/lib/x86_64-linux-gnu/glib-2.0/include'
GST_GL_LIBS='-L/usr/local/lib -lgstgl-1.0 -lgstvideo-1.0 -lgstbase-1.0 -lgstreamer-1.0 -lgobject-2.0 -lglib-2.0'
GST_LEVEL_DEFAULT='GST_LEVEL_ERROR'
GST_LIBS='-L/usr/local/lib -lgstreamer-1.0 -lgobject-2.0 -lglib-2.0'
GST_LIBVERSION='1500:0:1500'
GST_LIB_LDFLAGS='-export-symbols-regex ^_?\(gst_\|Gst\|GST_\).*'
GST_LT_LDFLAGS=' -version-info 1500:0:1500'
GST_OPTION_CFLAGS='$(WARNING_CFLAGS) $(ERROR_CFLAGS) $(DEBUG_CFLAGS) $(PROFILE_CFLAGS) $(DEPRECATED_CFLAGS)'
GST_PBUTILS_CFLAGS='-pthread -I/usr/local/include/gstreamer-1.0 -I/usr/include/glib-2.0 -I/usr/lib/x86_64-linux-gnu/glib-2.0/include'
GST_PBUTILS_LIBS='-L/usr/local/lib -lgstpbutils-1.0 -lgstreamer-1.0 -lgobject-2.0 -lglib-2.0'
GST_PLUGINS_BASE_CFLAGS='-pthread -I/usr/local/include/gstreamer-1.0 -I/usr/include/glib-2.0 -I/usr/lib/x86_64-linux-gnu/glib-2.0/include'
GST_PLUGINS_BASE_DIR='/usr/local/lib/gstreamer-1.0/gst:/usr/local/lib/gstreamer-1.0/sys:/usr/local/lib/gstreamer-1.0/ext'
GST_PLUGINS_BASE_LIBS='-L/usr/local/lib -lgstreamer-1.0 -lgobject-2.0 -lglib-2.0'
GST_PLUGINS_DIR='/usr/local/lib/gstreamer-1.0'
GST_PLUGIN_LDFLAGS='-module -avoid-version -export-symbols-regex '\''^_*gst_plugin_.*'\'' -no-undefined'
GST_REVISION='0'
GST_TOOLS_DIR='/usr/local/bin'
GST_VIDEO_CFLAGS='-pthread -I/usr/local/include/gstreamer-1.0 -I/usr/include/glib-2.0 -I/usr/lib/x86_64-linux-gnu/glib-2.0/include'
GST_VIDEO_LIBS='-L/usr/local/lib -lgstvideo-1.0 -lgstbase-1.0 -lgstreamer-1.0 -lgobject-2.0 -lglib-2.0'
GTK3_CFLAGS=''
GTK3_LIBS=''
GTKDOC_CHECK='/usr/bin/gtkdoc-check'
GTKDOC_DEPS_CFLAGS='-I/usr/include/glib-2.0 -I/usr/lib/x86_64-linux-gnu/glib-2.0/include'
GTKDOC_DEPS_LIBS='-lgobject-2.0 -lglib-2.0'
GTKDOC_MKPDF='/usr/bin/gtkdoc-mkpdf'
GTKDOC_REBASE='/usr/bin/gtkdoc-rebase'
GTK_DOC_BUILD_HTML_FALSE='#'
GTK_DOC_BUILD_HTML_TRUE=''
GTK_DOC_BUILD_PDF_FALSE=''
GTK_DOC_BUILD_PDF_TRUE='#'
GTK_DOC_USE_LIBTOOL_FALSE='#'
GTK_DOC_USE_LIBTOOL_TRUE=''
HAVE_CPU_ALPHA_FALSE=''
HAVE_CPU_ALPHA_TRUE='#'
HAVE_CPU_ARC_FALSE=''
HAVE_CPU_ARC_TRUE='#'
HAVE_CPU_ARM_FALSE=''
HAVE_CPU_ARM_TRUE='#'
HAVE_CPU_CRISV32_FALSE=''
HAVE_CPU_CRISV32_TRUE='#'
HAVE_CPU_CRIS_FALSE=''
HAVE_CPU_CRIS_TRUE='#'
HAVE_CPU_HPPA_FALSE=''
HAVE_CPU_HPPA_TRUE='#'
HAVE_CPU_I386_FALSE=''
HAVE_CPU_I386_TRUE='#'
HAVE_CPU_IA64_FALSE=''
HAVE_CPU_IA64_TRUE='#'
HAVE_CPU_M68K_FALSE=''
HAVE_CPU_M68K_TRUE='#'
HAVE_CPU_MIPS_FALSE=''
HAVE_CPU_MIPS_TRUE='#'
HAVE_CPU_PPC64_FALSE=''
HAVE_CPU_PPC64_TRUE='#'
HAVE_CPU_PPC_FALSE=''
HAVE_CPU_PPC_TRUE='#'
HAVE_CPU_S390_FALSE=''
HAVE_CPU_S390_TRUE='#'
HAVE_CPU_SPARC_FALSE=''
HAVE_CPU_SPARC_TRUE='#'
HAVE_CPU_X86_64_FALSE='#'
HAVE_CPU_X86_64_TRUE=''
HTML_DIR='${datadir}/gtk-doc/html'
INSTALL_DATA='${INSTALL} -m 644'
INSTALL_PROGRAM='${INSTALL}'
INSTALL_SCRIPT='${INSTALL}'
INSTALL_STRIP_PROGRAM='$(install_sh) -c -s'
LD='/usr/bin/ld -m elf_x86_64'
LDFLAGS=''
LIBDIR='/usr/local/lib'
LIBOBJS=''
LIBS='-lm '
LIBTOOL='$(SHELL) $(top_builddir)/libtool'
LIBVA_CFLAGS=''
LIBVA_DRM_CFLAGS=''
LIBVA_DRM_LIBS=''
LIBVA_LIBS='-lva'
LIBVA_WAYLAND_CFLAGS=''
LIBVA_WAYLAND_LIBS='-lva-wayland -lva -lwayland-client'
LIBVA_X11_CFLAGS=''
LIBVA_X11_LIBS='-lva-x11 -lva'
LIPO=''
LN_S='ln -s'
LTLIBOBJS=''
LT_SYS_LIBRARY_PATH=''
MAINT=''
MAINTAINER_MODE_FALSE='#'
MAINTAINER_MODE_TRUE=''
MAKEINFO='${SHELL} /home/revel/gstreamer-vaapi/build-aux/missing makeinfo'
MANIFEST_TOOL=':'
MKDIR_P='/bin/mkdir -p'
NM='/usr/bin/nm -B'
NMEDIT=''
OBJDUMP='objdump'
OBJEXT='o'
OTOOL64=''
OTOOL=''
PACKAGE='gstreamer-vaapi'
PACKAGE_BUGREPORT='http://bugzilla.gnome.org/enter_bug.cgi?product=GStreamer'
PACKAGE_NAME='GStreamer VA-API Plug-ins'
PACKAGE_STRING='GStreamer VA-API Plug-ins 1.15.0.1'
PACKAGE_TARNAME='gstreamer-vaapi'
PACKAGE_URL=''
PACKAGE_VERSION='1.15.0.1'
PACKAGE_VERSION_MAJOR='1'
PACKAGE_VERSION_MICRO='0'
PACKAGE_VERSION_MINOR='15'
PACKAGE_VERSION_NANO='1'
PACKAGE_VERSION_RELEASE='0.20181205.120820'
PATH_SEPARATOR=':'
PKG_CONFIG='/usr/bin/pkg-config'
PLUGINDIR='/usr/local/lib/gstreamer-1.0'
PROFILE_CFLAGS='-g'
PYTHON='/usr/bin/python'
PYTHON_EXEC_PREFIX='${exec_prefix}'
PYTHON_PLATFORM='linux2'
PYTHON_PREFIX='${prefix}'
PYTHON_VERSION='2.7'
RANLIB='ranlib'
SED='/bin/sed'
SET_MAKE=''
SHELL='/bin/bash'
STRIP='strip'
USE_DRM_FALSE=''
USE_DRM_TRUE='#'
USE_EGL_FALSE='#'
USE_EGL_TRUE=''
USE_ENCODERS_FALSE='#'
USE_ENCODERS_TRUE=''
USE_GLX_FALSE=''
USE_GLX_TRUE='#'
USE_GST_GL_HELPERS_FALSE='#'
USE_GST_GL_HELPERS_TRUE=''
USE_GTK_FALSE=''
USE_GTK_TRUE='#'
USE_H264_FEI_ENCODER_FALSE='#'
USE_H264_FEI_ENCODER_TRUE=''
USE_H265_DECODER_FALSE='#'
USE_H265_DECODER_TRUE=''
USE_H265_ENCODER_FALSE='#'
USE_H265_ENCODER_TRUE=''
USE_JPEG_DECODER_FALSE='#'
USE_JPEG_DECODER_TRUE=''
USE_JPEG_ENCODER_FALSE='#'
USE_JPEG_ENCODER_TRUE=''
USE_VA_VPP_FALSE='#'
USE_VA_VPP_TRUE=''
USE_VP8_DECODER_FALSE='#'
USE_VP8_DECODER_TRUE=''
USE_VP8_ENCODER_FALSE='#'
USE_VP8_ENCODER_TRUE=''
USE_VP9_DECODER_FALSE='#'
USE_VP9_DECODER_TRUE=''
USE_VP9_ENCODER_FALSE='#'
USE_VP9_ENCODER_TRUE=''
USE_WAYLAND_FALSE='#'
USE_WAYLAND_TRUE=''
USE_X11_FALSE='#'
USE_X11_TRUE=''
VERSION='1.15.0.1'
WARNING_CFLAGS=' -Wall -Wdeclaration-after-statement -Wvla -Wpointer-arith -Wmissing-declarations -Wmissing-prototypes -Wwrite-strings -Wformat-security -Wold-style-definition -Winit-self -Wmissing-include-dirs -Waddress -Wno-multichar -Wnested-externs'
WAYLAND_CFLAGS=''
WAYLAND_LIBS='-lwayland-client'
X11_CFLAGS=''
X11_LIBS='-lX11'
XRANDR_CFLAGS=''
XRANDR_LIBS='-lXrandr'
XRENDER_CFLAGS=''
XRENDER_LIBS='-lXrender -lX11'
ac_ct_AR='ar'
ac_ct_CC='gcc'
ac_ct_DUMPBIN=''
am__EXEEXT_FALSE=''
am__EXEEXT_TRUE='#'
am__fastdepCC_FALSE='#'
am__fastdepCC_TRUE=''
am__include='include'
am__isrc=''
am__leading_dot='.'
am__nodep='_no'
am__quote=''
am__tar='tar --format=ustar -chf - "$$tardir"'
am__untar='tar -xf -'
bindir='${exec_prefix}/bin'
build='x86_64-pc-linux-gnu'
build_alias=''
build_cpu='x86_64'
build_os='linux-gnu'
build_vendor='pc'
datadir='${datarootdir}'
datarootdir='${prefix}/share'
docdir='${datarootdir}/doc/${PACKAGE_TARNAME}'
dvidir='${docdir}'
exec_prefix='${prefix}'
host='x86_64-pc-linux-gnu'
host_alias=''
host_cpu='x86_64'
host_os='linux-gnu'
host_vendor='pc'
htmldir='${docdir}'
includedir='${prefix}/include'
infodir='${datarootdir}/info'
install_sh='${SHELL} /home/revel/gstreamer-vaapi/build-aux/install-sh'
libdir='${exec_prefix}/lib'
libexecdir='${exec_prefix}/libexec'
localedir='${datarootdir}/locale'
localstatedir='${prefix}/var'
mandir='${datarootdir}/man'
mkdir_p='$(MKDIR_P)'
oldincludedir='/usr/include'
pdfdir='${docdir}'
pkgpyexecdir='${pyexecdir}/gstreamer-vaapi'
pkgpythondir='${pythondir}/gstreamer-vaapi'
plugindir='$(libdir)/gstreamer-1.0'
prefix='/usr/local'
program_transform_name='s,x,x,'
psdir='${docdir}'
pyexecdir='${exec_prefix}/lib/python2.7/dist-packages'
pythondir='${prefix}/lib/python2.7/dist-packages'
runstatedir='${localstatedir}/run'
sbindir='${exec_prefix}/sbin'
sharedstatedir='${prefix}/com'
sysconfdir='${prefix}/etc'
target='x86_64-pc-linux-gnu'
target_alias=''
target_cpu='x86_64'
target_os='linux-gnu'
target_vendor='pc'

## ----------- ##
## confdefs.h. ##
## ----------- ##

/* confdefs.h */
#define PACKAGE_NAME "GStreamer VA-API Plug-ins"
#define PACKAGE_TARNAME "gstreamer-vaapi"
#define PACKAGE_VERSION "1.15.0.1"
#define PACKAGE_STRING "GStreamer VA-API Plug-ins 1.15.0.1"
#define PACKAGE_BUGREPORT "http://bugzilla.gnome.org/enter_bug.cgi?product=GStreamer"
#define PACKAGE_URL ""
#define PACKAGE "gstreamer-vaapi"
#define VERSION "1.15.0.1"
#define GST_API_VERSION "1.0"
#define STDC_HEADERS 1
#define HAVE_SYS_TYPES_H 1
#define HAVE_SYS_STAT_H 1
#define HAVE_STDLIB_H 1
#define HAVE_STRING_H 1
#define HAVE_MEMORY_H 1
#define HAVE_STRINGS_H 1
#define HAVE_INTTYPES_H 1
#define HAVE_STDINT_H 1
#define HAVE_UNISTD_H 1
#define HAVE_DLFCN_H 1
#define LT_OBJDIR ".libs/"
#define GST_ENABLE_EXTRA_CHECKS 1
#define GST_PACKAGE_RELEASE_DATETIME "2018-12-05T18:08Z"
#define HAVE_CPU_X86_64 1
#define HOST_CPU "x86_64"
#define TARGET_CPU "x86_64"
#define HAVE_LIBM 1
#define LIBDIR "/usr/local/lib"
#define PLUGINDIR "/usr/local/lib/gstreamer-1.0"
#define GIO_MODULE_DIR "/usr/lib/x86_64-linux-gnu/gio/modules"
#define GIO_LIBDIR "/usr/lib/x86_64-linux-gnu"
#define GIO_PREFIX "/usr"
#define GST_API_VERSION_S "1.15"
#define HAVE_GST_GL_GL_H 1
#define USE_GST_GL_HELPERS 1
#define HAVE_X11_XLIB_H 1
#define HAVE_X11_XUTIL_H 1
#define HAVE_X11_XATOM_H 1
#define HAVE_X11_XKBLIB_H 1
#define HAVE_X11_EXTENSIONS_XRANDR_H 1
#define HAVE_X11_EXTENSIONS_XRENDER_H 1
#define HAVE_XKBLIB 1
#define HAVE_XRANDR 1
#define HAVE_XRENDER 1
#define HAVE_GLES2_GL2_H 1
#define HAVE_GLES2_GL2EXT_H 1
#define HAVE_GLES3_GL3_H 1
#define HAVE_GLES3_GL3EXT_H 1
#define HAVE_GLES2_GL2EXT_H 1
#define HAVE_EGL_EGL_H 1
#define HAVE_LIBEGL 1
#define HAVE_WAYLAND_CLIENT_H 1
#define VA_DRIVERS_PATH "/usr/lib/x86_64-linux-gnu/dri"
#define HAVE_VA_VA_DEC_JPEG_H 1
#define HAVE_VA_VA_DEC_VP8_H 1
#define HAVE_VA_VA_DEC_VP9_H 1
#define HAVE_VA_VA_DEC_HEVC_H 1
#define HAVE_VA_VA_VPP_H 1
#define HAVE_VA_VA_ENC_MPEG2_H 1
#define HAVE_VA_VA_ENC_H264_H 1
#define HAVE_VA_VA_ENC_JPEG_H 1
#define HAVE_VA_VA_ENC_VP8_H 1
#define HAVE_VA_VA_ENC_HEVC_H 1
#define HAVE_VA_VA_ENC_VP9_H 1
#define HAVE_VA_VA_FEI_H264_H 1
#define GST_LEVEL_DEFAULT GST_LEVEL_ERROR
#define USE_ENCODERS 1
#define USE_JPEG_ENCODER 1
#define USE_VP8_ENCODER 1
#define USE_H265_ENCODER 1
#define USE_VP9_ENCODER 1
#define USE_H264_FEI_ENCODER 1
#define USE_VA_VPP 1
#define USE_JPEG_DECODER 1
#define USE_VP8_DECODER 1
#define USE_VP9_DECODER 1
#define USE_H265_DECODER 1
#define USE_DRM 0
#define USE_X11 1
#define USE_GLX 0
#define USE_EGL 1
#define USE_GLES_VERSION_MASK 12
#define USE_WAYLAND 1
#define GST_VAAPI_MAJOR_VERSION_S "0"

configure: exit 0
